<?xml version="1.0" encoding="UTF-8"?>
<testng-results ignored="0" total="1" passed="1" failed="0" skipped="0">
  <reporter-output>
    <line>
      <![CDATA[DataBase : Data Base Connected successfully]]>
    </line>
    <line>
      <![CDATA[ Browser Launch : Browser Launched successfully!]]>
    </line>
    <line>
      <![CDATA[Login : Login successfull!]]>
    </line>
    <line>
      <![CDATA[Logout : Successefully Logout!]]>
    </line>
    <line>
      <![CDATA[Close : Driver closed successfully!]]>
    </line>
    <line>
      <![CDATA[DataBase : Database Disconnected successfully!]]>
    </line>
  </reporter-output>
  <suite started-at="2024-10-31T14:40:05 IST" name="Default suite" finished-at="2024-10-31T14:40:47 IST" duration-ms="41513">
    <groups>
      <group name="Smoke">
        <method signature="TestActiTime.ClickOnUser()[pri:3, instance:ActiTimeProject.TestActiTime@4d1c005e]" name="ClickOnUser" class="ActiTimeProject.TestActiTime"/>
      </group> <!-- Smoke -->
    </groups>
    <test started-at="2024-10-31T14:40:05 IST" name="Default test" finished-at="2024-10-31T14:40:47 IST" duration-ms="41513">
      <class name="ActiTimeProject.TestActiTime">
        <test-method is-config="true" signature="DataBaseConnection()[pri:0, instance:ActiTimeProject.TestActiTime@4d1c005e]" started-at="2024-10-31T14:40:05 IST" name="DataBaseConnection" finished-at="2024-10-31T14:40:05 IST" duration-ms="27" status="PASS">
          <reporter-output>
            <line>
              <![CDATA[DataBase : Data Base Connected successfully]]>
            </line>
          </reporter-output>
        </test-method> <!-- DataBaseConnection -->
        <test-method is-config="true" signature="LaunchBrowser()[pri:0, instance:ActiTimeProject.TestActiTime@4d1c005e]" started-at="2024-10-31T14:40:05 IST" name="LaunchBrowser" finished-at="2024-10-31T14:40:17 IST" duration-ms="12094" status="PASS">
          <reporter-output>
            <line>
              <![CDATA[ Browser Launch : Browser Launched successfully!]]>
            </line>
          </reporter-output>
        </test-method> <!-- LaunchBrowser -->
        <test-method is-config="true" signature="login_Actitime()[pri:0, instance:ActiTimeProject.TestActiTime@4d1c005e]" started-at="2024-10-31T14:40:17 IST" name="login_Actitime" finished-at="2024-10-31T14:40:24 IST" duration-ms="6937" status="PASS">
          <reporter-output>
            <line>
              <![CDATA[Login : Login successfull!]]>
            </line>
          </reporter-output>
        </test-method> <!-- login_Actitime -->
        <test-method signature="ClickOnUser()[pri:3, instance:ActiTimeProject.TestActiTime@4d1c005e]" started-at="2024-10-31T14:40:24 IST" name="ClickOnUser" finished-at="2024-10-31T14:40:44 IST" duration-ms="19830" status="PASS">
          <reporter-output>
          </reporter-output>
        </test-method> <!-- ClickOnUser -->
        <test-method is-config="true" signature="Logout()[pri:0, instance:ActiTimeProject.TestActiTime@4d1c005e]" started-at="2024-10-31T14:40:44 IST" name="Logout" finished-at="2024-10-31T14:40:46 IST" duration-ms="2317" status="PASS">
          <reporter-output>
            <line>
              <![CDATA[Logout : Successefully Logout!]]>
            </line>
          </reporter-output>
        </test-method> <!-- Logout -->
        <test-method is-config="true" signature="CloseDriver()[pri:0, instance:ActiTimeProject.TestActiTime@4d1c005e]" started-at="2024-10-31T14:40:46 IST" name="CloseDriver" finished-at="2024-10-31T14:40:47 IST" duration-ms="229" status="PASS">
          <reporter-output>
            <line>
              <![CDATA[Close : Driver closed successfully!]]>
            </line>
          </reporter-output>
        </test-method> <!-- CloseDriver -->
        <test-method is-config="true" signature="DatabaseDisconect()[pri:0, instance:ActiTimeProject.TestActiTime@4d1c005e]" started-at="2024-10-31T14:40:47 IST" name="DatabaseDisconect" finished-at="2024-10-31T14:40:47 IST" duration-ms="0" status="PASS">
          <reporter-output>
            <line>
              <![CDATA[DataBase : Database Disconnected successfully!]]>
            </line>
          </reporter-output>
        </test-method> <!-- DatabaseDisconect -->
      </class> <!-- ActiTimeProject.TestActiTime -->
    </test> <!-- Default test -->
  </suite> <!-- Default suite -->
</testng-results>
